<?xml version="1.0" encoding="utf-8"?><testsuites><testsuite errors="0" failures="0" hostname="FKB.fritz.box" name="pytest" skipped="0" tests="1" time="0.430" timestamp="2020-11-01T13:06:29.364390"><testcase classname="test_word2vec.Word2VecTester" file="test_word2vec.py" line="24" name="test_get_similar_words" time="0.035"><system-out>Epoch: 1
Loss: 8.103159851160527
Epoch: 2
Loss: 7.831643517712122
Epoch: 3
Loss: 7.601896543177108
Epoch: 4
Loss: 7.38414487997473
Epoch: 5
Loss: 7.169721001551904
Epoch: 6
Loss: 6.956040347176432
Epoch: 7
Loss: 6.742254867482947
Epoch: 8
Loss: 6.528081217235092
Epoch: 9
Loss: 6.313512799744499
Epoch: 10
Loss: 6.098749033030213
Epoch: 11
Loss: 5.884162894441518
Epoch: 12
Loss: 5.670266303779615
Epoch: 13
Loss: 5.457669484093494
Epoch: 14
Loss: 5.247038603329097
Epoch: 15
Loss: 5.039056523091036
Epoch: 16
Loss: 4.8343900256464885
Epoch: 17
Loss: 4.633665070168092
Epoch: 18
Loss: 4.43745003547709
Epoch: 19
Loss: 4.246245817629166
Epoch: 20
Loss: 4.060481149190665
Epoch: 21
Loss: 3.880511511231339
Epoch: 22
Loss: 3.7066203340392585
Epoch: 23
Loss: 3.53902162163886
Epoch: 24
Loss: 3.3778635266588215
Epoch: 25
Loss: 3.2232326609820716
Epoch: 26
Loss: 3.0751590424068933
Epoch: 27
Loss: 2.933621585123829
Epoch: 28
Loss: 2.798553996683765
Epoch: 29
Loss: 2.669850894240312
Epoch: 30
Loss: 2.547373927214634
Epoch: 31
Loss: 2.4309577010409193
Epoch: 32
Loss: 2.3204153317379044
Epoch: 33
Loss: 2.215543511440865
Epoch: 34
Loss: 2.116127018139749
Epoch: 35
Loss: 2.0219426494763604
Epoch: 36
Loss: 1.9327625957508376
Epoch: 37
Loss: 1.8483572902767225
Epoch: 38
Loss: 1.7684977873982148
Epoch: 39
Loss: 1.692957722496001
Epoch: 40
Loss: 1.621514906981031
Epoch: 41
Loss: 1.5539526070153478
Epoch: 42
Loss: 1.4900605492670471
Epoch: 43
Loss: 1.4296356915161992
Epoch: 44
Loss: 1.3724827909664286
Epoch: 45
Loss: 1.3184147988973178
Epoch: 46
Loss: 1.267253106807664
Epoch: 47
Loss: 1.2188276663299726
Epoch: 48
Loss: 1.1729770027917097
Epoch: 49
Loss: 1.129548140218851
</system-out></testcase></testsuite></testsuites>